#
# There is insufficient memory for the Java Runtime Environment to continue.
# Native memory allocation (malloc) failed to allocate 2097152 bytes for AllocateHeap
# Possible reasons:
#   The system is out of physical RAM or swap space
#   The process is running with CompressedOops enabled, and the Java Heap may be blocking the growth of the native heap
# Possible solutions:
#   Reduce memory load on the system
#   Increase physical memory or swap space
#   Check if swap backing store is full
#   Decrease Java heap size (-Xmx/-Xms)
#   Decrease number of Java threads
#   Decrease Java thread stack sizes (-Xss)
#   Set larger code cache with -XX:ReservedCodeCacheSize=
#   JVM is running with Unscaled Compressed Oops mode in which the Java heap is
#     placed in the first 4GB address space. The Java Heap base address is the
#     maximum limit for the native heap growth. Please use -XX:HeapBaseMinAddress
#     to set the Java Heap base and to place the Java Heap above 4GB virtual address.
# This output file may be truncated or incomplete.
#
#  Out of Memory Error (allocation.cpp:44), pid=21040, tid=2884
#
# JRE version: OpenJDK Runtime Environment Temurin-17.0.6+10 (17.0.6+10) (build 17.0.6+10)
# Java VM: OpenJDK 64-Bit Server VM Temurin-17.0.6+10 (17.0.6+10, mixed mode, emulated-client, tiered, compressed oops, compressed class ptrs, g1 gc, windows-amd64)
# No core dump will be written. Minidumps are not enabled by default on client versions of Windows
#

---------------  S U M M A R Y ------------

Command Line: -XX:+HeapDumpOnOutOfMemoryError -Xmx1024m -Dsts.lsp.client=vscode -Dsts.log.file=/dev/null -XX:TieredStopAtLevel=1 -Xlog:jni+resolve=off -Dspring.config.location=file:c:\Users\DSK-PRO001\.vscode\extensions\vmware.vscode-spring-boot-1.46.0\language-server\BOOT-INF\classes\application.properties org.springframework.ide.vscode.boot.app.BootLanguageServerBootApp

Host: AMD Ryzen 5 5600X 6-Core Processor             , 12 cores, 15G,  Windows 10 , 64 bit Build 19041 (10.0.19041.2913)
Time: Sun May  7 22:58:50 2023 Hora oficial do Brasil elapsed time: 292653.801660 seconds (3d 9h 17m 33s)

---------------  T H R E A D  ---------------

Current thread (0x0000022a0da16580):  VMThread "VM Thread" [stack: 0x000000d4e0700000,0x000000d4e0800000] [id=2884]

Stack: [0x000000d4e0700000,0x000000d4e0800000]
Native frames: (J=compiled Java code, j=interpreted, Vv=VM code, C=native code)
V  [jvm.dll+0x67741a]
V  [jvm.dll+0x834434]
V  [jvm.dll+0x835bde]
V  [jvm.dll+0x836243]
V  [jvm.dll+0x2457b5]
V  [jvm.dll+0xa626f]
V  [jvm.dll+0x2f5b61]
V  [jvm.dll+0x2f17e0]
V  [jvm.dll+0x2d9ee7]
V  [jvm.dll+0x31ce67]
V  [jvm.dll+0x83a6eb]
V  [jvm.dll+0x83b424]
V  [jvm.dll+0x83b93c]
V  [jvm.dll+0x83bd14]
V  [jvm.dll+0x83bde0]
V  [jvm.dll+0x7e483a]
V  [jvm.dll+0x6762c5]
C  [ucrtbase.dll+0x21bb2]
C  [KERNEL32.DLL+0x17614]
C  [ntdll.dll+0x526a1]

VM_Operation (0x000000d4e23fed30): G1CollectFull, mode: safepoint, requested by thread 0x0000022a0fa184c0


---------------  P R O C E S S  ---------------

Threads class SMR info:
_java_thread_list=0x0000022a0f82b0a0, length=22, elements={
0x0000022a0da19170, 0x0000022a0da19fe0, 0x0000022a0e44e910, 0x0000022a0e44f690,
0x0000022a0e453470, 0x0000022a0e453d30, 0x0000022a0e456760, 0x0000022a0e457060,
0x0000022a0e66ef80, 0x0000022a0e673a30, 0x0000022a0f994430, 0x0000022a0fa27750,
0x0000022a0fa184c0, 0x0000022a0eeb1830, 0x0000022a02776ac0, 0x0000022a0e5931e0,
0x0000022a0e51a8a0, 0x0000022a0ef62c00, 0x0000022a0fced6f0, 0x0000022a0fced220,
0x0000022a0fcea6d0, 0x0000022a0fceaba0
}

Java Threads: ( => current thread )
  0x0000022a0da19170 JavaThread "Reference Handler" daemon [_thread_blocked, id=20648, stack(0x000000d4e0800000,0x000000d4e0900000)]
  0x0000022a0da19fe0 JavaThread "Finalizer" daemon [_thread_blocked, id=16144, stack(0x000000d4e0900000,0x000000d4e0a00000)]
  0x0000022a0e44e910 JavaThread "Signal Dispatcher" daemon [_thread_blocked, id=8904, stack(0x000000d4e0a00000,0x000000d4e0b00000)]
  0x0000022a0e44f690 JavaThread "Attach Listener" daemon [_thread_blocked, id=14780, stack(0x000000d4e0b00000,0x000000d4e0c00000)]
  0x0000022a0e453470 JavaThread "Service Thread" daemon [_thread_blocked, id=11184, stack(0x000000d4e0c00000,0x000000d4e0d00000)]
  0x0000022a0e453d30 JavaThread "Monitor Deflation Thread" daemon [_thread_blocked, id=17892, stack(0x000000d4e0d00000,0x000000d4e0e00000)]
  0x0000022a0e456760 JavaThread "C1 CompilerThread0" daemon [_thread_blocked, id=17064, stack(0x000000d4e0e00000,0x000000d4e0f00000)]
  0x0000022a0e457060 JavaThread "Sweeper thread" daemon [_thread_blocked, id=19724, stack(0x000000d4e0f00000,0x000000d4e1000000)]
  0x0000022a0e66ef80 JavaThread "Notification Thread" daemon [_thread_blocked, id=13344, stack(0x000000d4e1100000,0x000000d4e1200000)]
  0x0000022a0e673a30 JavaThread "Common-Cleaner" daemon [_thread_blocked, id=18188, stack(0x000000d4e1300000,0x000000d4e1400000)]
  0x0000022a0f994430 JavaThread "boundedElastic-evictor-1" daemon [_thread_blocked, id=14672, stack(0x000000d4e1900000,0x000000d4e1a00000)]
  0x0000022a0fa27750 JavaThread "boundedElastic-evictor-2" daemon [_thread_blocked, id=13332, stack(0x000000d4e2200000,0x000000d4e2300000)]
  0x0000022a0fa184c0 JavaThread "pool-10-thread-1" [_thread_blocked, id=20652, stack(0x000000d4e2300000,0x000000d4e2400000)]
  0x0000022a0eeb1830 JavaThread "LanguageServerApp-lifecycle" [_thread_blocked, id=15324, stack(0x000000d4e2400000,0x000000d4e2500000)]
  0x0000022a02776ac0 JavaThread "DestroyJavaVM" [_thread_blocked, id=12828, stack(0x000000d4e0100000,0x000000d4e0200000)]
  0x0000022a0e5931e0 JavaThread "pool-11-thread-1" [_thread_in_native, id=19420, stack(0x000000d4e2500000,0x000000d4e2600000)]
  0x0000022a0e51a8a0 JavaThread "Simple-Language-Server main thread" daemon [_thread_blocked, id=15988, stack(0x000000d4e2600000,0x000000d4e2700000)]
  0x0000022a0ef62c00 JavaThread "pool-6-thread-1" [_thread_blocked, id=21496, stack(0x000000d4e2700000,0x000000d4e2800000)]
  0x0000022a0fced6f0 JavaThread "parallel-1" daemon [_thread_blocked, id=6452, stack(0x000000d4e3c00000,0x000000d4e3d00000)]
  0x0000022a0fced220 JavaThread "pool-4-thread-1" [_thread_blocked, id=19168, stack(0x000000d4e4300000,0x000000d4e4400000)]
  0x0000022a0fcea6d0 JavaThread "parallel-2" daemon [_thread_blocked, id=10872, stack(0x000000d4e4400000,0x000000d4e4500000)]
  0x0000022a0fceaba0 JavaThread "parallel-3" daemon [_thread_blocked, id=20752, stack(0x000000d4e2900000,0x000000d4e2a00000)]

Other Threads:
=>0x0000022a0da16580 VMThread "VM Thread" [stack: 0x000000d4e0700000,0x000000d4e0800000] [id=2884]
  0x0000022a0e670d30 WatcherThread [stack: 0x000000d4e1200000,0x000000d4e1300000] [id=21048]
  0x0000022a027b4750 GCTaskThread "GC Thread#0" [stack: 0x000000d4e0200000,0x000000d4e0300000] [id=20920]
  0x0000022a0edf04f0 GCTaskThread "GC Thread#1" [stack: 0x000000d4e1400000,0x000000d4e1500000] [id=14664]
  0x0000022a0edf07a0 GCTaskThread "GC Thread#2" [stack: 0x000000d4e1500000,0x000000d4e1600000] [id=16488]
  0x0000022a0f1da030 GCTaskThread "GC Thread#3" [stack: 0x000000d4e1600000,0x000000d4e1700000] [id=2140]
  0x0000022a0f1da2e0 GCTaskThread "GC Thread#4" [stack: 0x000000d4e1700000,0x000000d4e1800000] [id=14160]
  0x0000022a0f1da590 GCTaskThread "GC Thread#5" [stack: 0x000000d4e1800000,0x000000d4e1900000] [id=14892]
  0x0000022a0f44c380 GCTaskThread "GC Thread#6" [stack: 0x000000d4e1b00000,0x000000d4e1c00000] [id=17564]
  0x0000022a0f44c630 GCTaskThread "GC Thread#7" [stack: 0x000000d4e1c00000,0x000000d4e1d00000] [id=16120]
  0x0000022a0f44cef0 GCTaskThread "GC Thread#8" [stack: 0x000000d4e1d00000,0x000000d4e1e00000] [id=10068]
  0x0000022a0f62a480 GCTaskThread "GC Thread#9" [stack: 0x000000d4e1f00000,0x000000d4e2000000] [id=4176]
  0x0000022a027bd690 ConcurrentGCThread "G1 Main Marker" [stack: 0x000000d4e0300000,0x000000d4e0400000] [id=14524]
  0x0000022a027be840 ConcurrentGCThread "G1 Conc#0" [stack: 0x000000d4e0400000,0x000000d4e0500000] [id=1576]
  0x0000022a0f5c16a0 ConcurrentGCThread "G1 Conc#1" [stack: 0x000000d4e2000000,0x000000d4e2100000] [id=12432]
  0x0000022a0f5c1950 ConcurrentGCThread "G1 Conc#2" [stack: 0x000000d4e2100000,0x000000d4e2200000] [id=21428]
  0x0000022a0283eab0 ConcurrentGCThread "G1 Refine#0" [stack: 0x000000d4e0500000,0x000000d4e0600000] [id=6628]
  0x0000022a0fb5e3c0 ConcurrentGCThread "G1 Refine#1" [stack: 0x000000d4e3f00000,0x000000d4e4000000] [id=10164]
  0x0000022a1243bba0 ConcurrentGCThread "G1 Refine#2" [stack: 0x000000d4e4000000,0x000000d4e4100000] [id=13364]
  0x0000022a0fde20f0 ConcurrentGCThread "G1 Refine#3" [stack: 0x000000d4e4100000,0x000000d4e4200000] [id=17480]
  0x0000022a12529b40 ConcurrentGCThread "G1 Refine#4" [stack: 0x000000d4e4200000,0x000000d4e4300000] [id=13300]
  0x0000022a128f58e0 ConcurrentGCThread "G1 Refine#5" [stack: 0x000000d4e4800000,0x000000d4e4900000] [id=12112]
  0x0000022a128f5ea0 ConcurrentGCThread "G1 Refine#6" [stack: 0x000000d4e4900000,0x000000d4e4a00000] [id=19236]
  0x0000022a128f72c0 ConcurrentGCThread "G1 Refine#7" [stack: 0x000000d4e4a00000,0x000000d4e4b00000] [id=15800]
  0x0000022a0d888a60 ConcurrentGCThread "G1 Service" [stack: 0x000000d4e0600000,0x000000d4e0700000] [id=1440]

Threads with active compile tasks:

VM state: at safepoint (normal execution)

VM Mutex/Monitor currently owned by a thread:  ([mutex/lock_event])
[0x0000022a0048d6b0] Threads_lock - owner thread: 0x0000022a0da16580
[0x0000022a0054bca0] Heap_lock - owner thread: 0x0000022a0fa184c0

Heap address: 0x00000000c0000000, size: 1024 MB, Compressed Oops mode: 32-bit

CDS archive(s) not mapped
Compressed class space mapped at: 0x0000000100000000-0x0000000140000000, reserved size: 1073741824
Narrow klass base: 0x0000000000000000, Narrow klass shift: 3, Narrow klass range: 0x140000000

GC Precious Log:
 CPUs: 12 total, 12 available
 Memory: 16291M
 Large Page Support: Disabled
 NUMA Support: Disabled
 Compressed Oops: Enabled (32-bit)
 Heap Region Size: 1M
 Heap Min Capacity: 8M
 Heap Initial Capacity: 256M
 Heap Max Capacity: 1G
 Pre-touch: Disabled
 Parallel Workers: 10
 Concurrent Workers: 3
 Concurrent Refinement Workers: 10
 Periodic GC: Disabled

Heap:
 garbage-first heap   total 133120K, used 38807K [0x00000000c0000000, 0x0000000100000000)
  region size 1024K, 1 young (1024K), 0 survivors (0K)
 Metaspace       used 62303K, committed 63104K, reserved 1105920K
  class space    used 8456K, committed 8768K, reserved 1048576K

Heap Regions: E=young(eden), S=young(survivor), O=old, HS=humongous(starts), HC=humongous(continues), CS=collection set, F=free, OA=open archive, CA=closed archive, TAMS=top-at-mark-start (previous, next)
|   0|0x00000000c0000000, 0x00000000c0100000, 0x00000000c0100000|100%| O|  |TAMS 0x00000000c0100000, 0x00000000c0000000| Untracked 
|   1|0x00000000c0100000, 0x00000000c01fffe8, 0x00000000c0200000| 99%| O|  |TAMS 0x00000000c01fffe8, 0x00000000c0100000| Untracked 
|   2|0x00000000c0200000, 0x00000000c0300000, 0x00000000c0300000|100%| O|  |TAMS 0x00000000c0300000, 0x00000000c0200000| Untracked 
|   3|0x00000000c0300000, 0x00000000c0400000, 0x00000000c0400000|100%| O|  |TAMS 0x00000000c0400000, 0x00000000c0300000| Untracked 
|   4|0x00000000c0400000, 0x00000000c04ff5c0, 0x00000000c0500000| 99%| O|  |TAMS 0x00000000c04ff5c0, 0x00000000c0400000| Untracked 
|   5|0x00000000c0500000, 0x00000000c0600000, 0x00000000c0600000|100%| O|  |TAMS 0x00000000c0600000, 0x00000000c0500000| Untracked 
|   6|0x00000000c0600000, 0x00000000c0700000, 0x00000000c0700000|100%| O|  |TAMS 0x00000000c0700000, 0x00000000c0600000| Untracked 
|   7|0x00000000c0700000, 0x00000000c07fffc0, 0x00000000c0800000| 99%| O|  |TAMS 0x00000000c07fffc0, 0x00000000c0700000| Untracked 
|   8|0x00000000c0800000, 0x00000000c08fff98, 0x00000000c0900000| 99%| O|  |TAMS 0x00000000c08fff98, 0x00000000c0800000| Untracked 
|   9|0x00000000c0900000, 0x00000000c09fffd0, 0x00000000c0a00000| 99%| O|  |TAMS 0x00000000c09fffd0, 0x00000000c0900000| Untracked 
|  10|0x00000000c0a00000, 0x00000000c0affd58, 0x00000000c0b00000| 99%| O|  |TAMS 0x00000000c0affd58, 0x00000000c0a00000| Untracked 
|  11|0x00000000c0b00000, 0x00000000c0bfffe0, 0x00000000c0c00000| 99%| O|  |TAMS 0x00000000c0bfffe0, 0x00000000c0b00000| Untracked 
|  12|0x00000000c0c00000, 0x00000000c0cfffe8, 0x00000000c0d00000| 99%| O|  |TAMS 0x00000000c0cfffe8, 0x00000000c0c00000| Untracked 
|  13|0x00000000c0d00000, 0x00000000c0dfffb8, 0x00000000c0e00000| 99%| O|  |TAMS 0x00000000c0dfffb8, 0x00000000c0d00000| Untracked 
|  14|0x00000000c0e00000, 0x00000000c0efffe8, 0x00000000c0f00000| 99%| O|  |TAMS 0x00000000c0efffe8, 0x00000000c0e00000| Untracked 
|  15|0x00000000c0f00000, 0x00000000c0ffff20, 0x00000000c1000000| 99%| O|  |TAMS 0x00000000c0ffff20, 0x00000000c0f00000| Untracked 
|  16|0x00000000c1000000, 0x00000000c10ffff0, 0x00000000c1100000| 99%| O|  |TAMS 0x00000000c10ffff0, 0x00000000c1000000| Untracked 
|  17|0x00000000c1100000, 0x00000000c11fffc0, 0x00000000c1200000| 99%| O|  |TAMS 0x00000000c11fffc0, 0x00000000c1100000| Untracked 
|  18|0x00000000c1200000, 0x00000000c1300000, 0x00000000c1300000|100%| O|  |TAMS 0x00000000c1300000, 0x00000000c1200000| Untracked 
|  19|0x00000000c1300000, 0x00000000c13ffff0, 0x00000000c1400000| 99%| O|  |TAMS 0x00000000c13ffff0, 0x00000000c1300000| Untracked 
|  20|0x00000000c1400000, 0x00000000c14fffe0, 0x00000000c1500000| 99%| O|  |TAMS 0x00000000c14fffe0, 0x00000000c1400000| Untracked 
|  21|0x00000000c1500000, 0x00000000c15ffff0, 0x00000000c1600000| 99%| O|  |TAMS 0x00000000c15ffff0, 0x00000000c1500000| Untracked 
|  22|0x00000000c1600000, 0x00000000c16fbd80, 0x00000000c1700000| 98%| O|  |TAMS 0x00000000c16fbd80, 0x00000000c1600000| Untracked 
|  23|0x00000000c1700000, 0x00000000c17fd770, 0x00000000c1800000| 99%| O|  |TAMS 0x00000000c17fd770, 0x00000000c1700000| Untracked 
|  24|0x00000000c1800000, 0x00000000c18fffd8, 0x00000000c1900000| 99%| O|  |TAMS 0x00000000c18fffd8, 0x00000000c1800000| Untracked 
|  25|0x00000000c1900000, 0x00000000c19fc320, 0x00000000c1a00000| 98%| O|  |TAMS 0x00000000c19fc320, 0x00000000c1900000| Untracked 
|  26|0x00000000c1a00000, 0x00000000c1b00000, 0x00000000c1b00000|100%| O|  |TAMS 0x00000000c1b00000, 0x00000000c1a00000| Untracked 
|  27|0x00000000c1b00000, 0x00000000c1c00000, 0x00000000c1c00000|100%| O|  |TAMS 0x00000000c1c00000, 0x00000000c1b00000| Untracked 
|  28|0x00000000c1c00000, 0x00000000c1cfdb18, 0x00000000c1d00000| 99%| O|  |TAMS 0x00000000c1cfdb18, 0x00000000c1c00000| Untracked 
|  29|0x00000000c1d00000, 0x00000000c1dffff8, 0x00000000c1e00000| 99%| O|  |TAMS 0x00000000c1dffff8, 0x00000000c1d00000| Untracked 
|  30|0x00000000c1e00000, 0x00000000c1efffe8, 0x00000000c1f00000| 99%| O|  |TAMS 0x00000000c1efffe8, 0x00000000c1e00000| Untracked 
|  31|0x00000000c1f00000, 0x00000000c1ffffb8, 0x00000000c2000000| 99%| O|  |TAMS 0x00000000c1ffffb8, 0x00000000c1f00000| Untracked 
|  32|0x00000000c2000000, 0x00000000c20c7d48, 0x00000000c2100000| 78%| O|  |TAMS 0x00000000c2000000, 0x00000000c2000000| Untracked 
|  33|0x00000000c2100000, 0x00000000c21fffe0, 0x00000000c2200000| 99%| O|  |TAMS 0x00000000c21fffe0, 0x00000000c2100000| Untracked 
|  34|0x00000000c2200000, 0x00000000c22ffff8, 0x00000000c2300000| 99%| O|  |TAMS 0x00000000c22ffff8, 0x00000000c2200000| Untracked 
|  35|0x00000000c2300000, 0x00000000c232e548, 0x00000000c2400000| 18%| O|  |TAMS 0x00000000c2300000, 0x00000000c2300000| Untracked 
|  36|0x00000000c2400000, 0x00000000c2400000, 0x00000000c2500000|  0%| F|  |TAMS 0x00000000c2400000, 0x00000000c2400000| Untracked 
|  37|0x00000000c2500000, 0x00000000c2500000, 0x00000000c2600000|  0%| F|  |TAMS 0x00000000c2500000, 0x00000000c2500000| Untracked 
|  38|0x00000000c2600000, 0x00000000c2600000, 0x00000000c2700000|  0%| F|  |TAMS 0x00000000c2600000, 0x00000000c2600000| Untracked 
|  39|0x00000000c2700000, 0x00000000c2700000, 0x00000000c2800000|  0%| F|  |TAMS 0x00000000c2700000, 0x00000000c2700000| Untracked 
|  40|0x00000000c2800000, 0x00000000c2800000, 0x00000000c2900000|  0%| F|  |TAMS 0x00000000c2800000, 0x00000000c2800000| Untracked 
|  41|0x00000000c2900000, 0x00000000c2900000, 0x00000000c2a00000|  0%| F|  |TAMS 0x00000000c2900000, 0x00000000c2900000| Untracked 
|  42|0x00000000c2a00000, 0x00000000c2a00000, 0x00000000c2b00000|  0%| F|  |TAMS 0x00000000c2a00000, 0x00000000c2a00000| Untracked 
|  43|0x00000000c2b00000, 0x00000000c2b00000, 0x00000000c2c00000|  0%| F|  |TAMS 0x00000000c2b00000, 0x00000000c2b00000| Untracked 
|  44|0x00000000c2c00000, 0x00000000c2c00000, 0x00000000c2d00000|  0%| F|  |TAMS 0x00000000c2c00000, 0x00000000c2c00000| Untracked 
|  45|0x00000000c2d00000, 0x00000000c2d00000, 0x00000000c2e00000|  0%| F|  |TAMS 0x00000000c2d00000, 0x00000000c2d00000| Untracked 
|  46|0x00000000c2e00000, 0x00000000c2f00000, 0x00000000c2f00000|100%|HS|  |TAMS 0x00000000c2f00000, 0x00000000c2e00000| Untracked 
|  47|0x00000000c2f00000, 0x00000000c2f00000, 0x00000000c3000000|  0%| F|  |TAMS 0x00000000c2f00000, 0x00000000c2f00000| Untracked 
|  48|0x00000000c3000000, 0x00000000c3000000, 0x00000000c3100000|  0%| F|  |TAMS 0x00000000c3000000, 0x00000000c3000000| Untracked 
|  49|0x00000000c3100000, 0x00000000c3100000, 0x00000000c3200000|  0%| F|  |TAMS 0x00000000c3100000, 0x00000000c3100000| Untracked 
|  50|0x00000000c3200000, 0x00000000c3300000, 0x00000000c3300000|100%| O|  |TAMS 0x00000000c3300000, 0x00000000c3200000| Untracked 
|  51|0x00000000c3300000, 0x00000000c3300000, 0x00000000c3400000|  0%| F|  |TAMS 0x00000000c3300000, 0x00000000c3300000| Untracked 
|  52|0x00000000c3400000, 0x00000000c3400000, 0x00000000c3500000|  0%| F|  |TAMS 0x00000000c3400000, 0x00000000c3400000| Untracked 
|  53|0x00000000c3500000, 0x00000000c3500000, 0x00000000c3600000|  0%| F|  |TAMS 0x00000000c3500000, 0x00000000c3500000| Untracked 
|  54|0x00000000c3600000, 0x00000000c3600000, 0x00000000c3700000|  0%| F|  |TAMS 0x00000000c3600000, 0x00000000c3600000| Untracked 
|  55|0x00000000c3700000, 0x00000000c3700000, 0x00000000c3800000|  0%| F|  |TAMS 0x00000000c3700000, 0x00000000c3700000| Untracked 
|  56|0x00000000c3800000, 0x00000000c3800000, 0x00000000c3900000|  0%| F|  |TAMS 0x00000000c3800000, 0x00000000c3800000| Untracked 
|  57|0x00000000c3900000, 0x00000000c3900000, 0x00000000c3a00000|  0%| F|  |TAMS 0x00000000c3900000, 0x00000000c3900000| Untracked 
|  58|0x00000000c3a00000, 0x00000000c3a00000, 0x00000000c3b00000|  0%| F|  |TAMS 0x00000000c3a00000, 0x00000000c3a00000| Untracked 
|  59|0x00000000c3b00000, 0x00000000c3b00000, 0x00000000c3c00000|  0%| F|  |TAMS 0x00000000c3b00000, 0x00000000c3b00000| Untracked 
|  60|0x00000000c3c00000, 0x00000000c3c00000, 0x00000000c3d00000|  0%| F|  |TAMS 0x00000000c3c00000, 0x00000000c3c00000| Untracked 
|  61|0x00000000c3d00000, 0x00000000c3d00000, 0x00000000c3e00000|  0%| F|  |TAMS 0x00000000c3d00000, 0x00000000c3d00000| Untracked 
|  62|0x00000000c3e00000, 0x00000000c3e00000, 0x00000000c3f00000|  0%| F|  |TAMS 0x00000000c3e00000, 0x00000000c3e00000| Untracked 
|  63|0x00000000c3f00000, 0x00000000c3f00000, 0x00000000c4000000|  0%| F|  |TAMS 0x00000000c3f00000, 0x00000000c3f00000| Untracked 
|  64|0x00000000c4000000, 0x00000000c4000000, 0x00000000c4100000|  0%| F|  |TAMS 0x00000000c4000000, 0x00000000c4000000| Untracked 
|  65|0x00000000c4100000, 0x00000000c4100000, 0x00000000c4200000|  0%| F|  |TAMS 0x00000000c4100000, 0x00000000c4100000| Untracked 
|  66|0x00000000c4200000, 0x00000000c4200000, 0x00000000c4300000|  0%| F|  |TAMS 0x00000000c4200000, 0x00000000c4200000| Untracked 
|  67|0x00000000c4300000, 0x00000000c4300000, 0x00000000c4400000|  0%| F|  |TAMS 0x00000000c4300000, 0x00000000c4300000| Untracked 
|  68|0x00000000c4400000, 0x00000000c44fda40, 0x00000000c4500000| 99%| O|  |TAMS 0x00000000c44fda40, 0x00000000c4400000| Untracked 
|  69|0x00000000c4500000, 0x00000000c4500000, 0x00000000c4600000|  0%| F|  |TAMS 0x00000000c4500000, 0x00000000c4500000| Untracked 
|  70|0x00000000c4600000, 0x00000000c4600000, 0x00000000c4700000|  0%| F|  |TAMS 0x00000000c4600000, 0x00000000c4600000| Untracked 
|  71|0x00000000c4700000, 0x00000000c4700000, 0x00000000c4800000|  0%| F|  |TAMS 0x00000000c4700000, 0x00000000c4700000| Untracked 
|  72|0x00000000c4800000, 0x00000000c4800000, 0x00000000c4900000|  0%| F|  |TAMS 0x00000000c4800000, 0x00000000c4800000| Untracked 
|  73|0x00000000c4900000, 0x00000000c4900000, 0x00000000c4a00000|  0%| F|  |TAMS 0x00000000c4900000, 0x00000000c4900000| Untracked 
|  74|0x00000000c4a00000, 0x00000000c4a00000, 0x00000000c4b00000|  0%| F|  |TAMS 0x00000000c4a00000, 0x00000000c4a00000| Untracked 
|  75|0x00000000c4b00000, 0x00000000c4b00000, 0x00000000c4c00000|  0%| F|  |TAMS 0x00000000c4b00000, 0x00000000c4b00000| Untracked 
|  76|0x00000000c4c00000, 0x00000000c4c00000, 0x00000000c4d00000|  0%| F|  |TAMS 0x00000000c4c00000, 0x00000000c4c00000| Untracked 
|  77|0x00000000c4d00000, 0x00000000c4d00000, 0x00000000c4e00000|  0%| F|  |TAMS 0x00000000c4d00000, 0x00000000c4d00000| Untracked 
|  78|0x00000000c4e00000, 0x00000000c4e00000, 0x00000000c4f00000|  0%| F|  |TAMS 0x00000000c4e00000, 0x00000000c4e00000| Untracked 
|  79|0x00000000c4f00000, 0x00000000c4f00000, 0x00000000c5000000|  0%| F|  |TAMS 0x00000000c4f00000, 0x00000000c4f00000| Untracked 
|  80|0x00000000c5000000, 0x00000000c5000000, 0x00000000c5100000|  0%| F|  |TAMS 0x00000000c5000000, 0x00000000c5000000| Untracked 
|  81|0x00000000c5100000, 0x00000000c5100000, 0x00000000c5200000|  0%| F|  |TAMS 0x00000000c5100000, 0x00000000c5100000| Untracked 
|  82|0x00000000c5200000, 0x00000000c5200000, 0x00000000c5300000|  0%| F|  |TAMS 0x00000000c5200000, 0x00000000c5200000| Untracked 
|  83|0x00000000c5300000, 0x00000000c5300000, 0x00000000c5400000|  0%| F|  |TAMS 0x00000000c5300000, 0x00000000c5300000| Untracked 
|  84|0x00000000c5400000, 0x00000000c5400000, 0x00000000c5500000|  0%| F|  |TAMS 0x00000000c5400000, 0x00000000c5400000| Untracked 
|  85|0x00000000c5500000, 0x00000000c5500000, 0x00000000c5600000|  0%| F|  |TAMS 0x00000000c5500000, 0x00000000c5500000| Untracked 
|  86|0x00000000c5600000, 0x00000000c5600000, 0x00000000c5700000|  0%| F|  |TAMS 0x00000000c5600000, 0x00000000c5600000| Untracked 
|  87|0x00000000c5700000, 0x00000000c5700000, 0x00000000c5800000|  0%| F|  |TAMS 0x00000000c5700000, 0x00000000c5700000| Untracked 
|  88|0x00000000c5800000, 0x00000000c5800000, 0x00000000c5900000|  0%| F|  |TAMS 0x00000000c5800000, 0x00000000c5800000| Untracked 
|  89|0x00000000c5900000, 0x00000000c5900000, 0x00000000c5a00000|  0%| F|  |TAMS 0x00000000c5900000, 0x00000000c5900000| Untracked 
|  90|0x00000000c5a00000, 0x00000000c5a00000, 0x00000000c5b00000|  0%| F|  |TAMS 0x00000000c5a00000, 0x00000000c5a00000| Untracked 
|  91|0x00000000c5b00000, 0x00000000c5b00000, 0x00000000c5c00000|  0%| F|  |TAMS 0x00000000c5b00000, 0x00000000c5b00000| Untracked 
|  92|0x00000000c5c00000, 0x00000000c5c00000, 0x00000000c5d00000|  0%| F|  |TAMS 0x00000000c5c00000, 0x00000000c5c00000| Untracked 
|  93|0x00000000c5d00000, 0x00000000c5d00000, 0x00000000c5e00000|  0%| F|  |TAMS 0x00000000c5d00000, 0x00000000c5d00000| Untracked 
|  94|0x00000000c5e00000, 0x00000000c5e00000, 0x00000000c5f00000|  0%| F|  |TAMS 0x00000000c5e00000, 0x00000000c5e00000| Untracked 
|  95|0x00000000c5f00000, 0x00000000c5f00000, 0x00000000c6000000|  0%| F|  |TAMS 0x00000000c5f00000, 0x00000000c5f00000| Untracked 
|  96|0x00000000c6000000, 0x00000000c6000000, 0x00000000c6100000|  0%| F|  |TAMS 0x00000000c6000000, 0x00000000c6000000| Untracked 
|  97|0x00000000c6100000, 0x00000000c6100000, 0x00000000c6200000|  0%| F|  |TAMS 0x00000000c6100000, 0x00000000c6100000| Untracked 
|  98|0x00000000c6200000, 0x00000000c6200000, 0x00000000c6300000|  0%| F|  |TAMS 0x00000000c6200000, 0x00000000c6200000| Untracked 
|  99|0x00000000c6300000, 0x00000000c6300000, 0x00000000c6400000|  0%| F|  |TAMS 0x00000000c6300000, 0x00000000c6300000| Untracked 
| 100|0x00000000c6400000, 0x00000000c6400000, 0x00000000c6500000|  0%| F|  |TAMS 0x00000000c6400000, 0x00000000c6400000| Untracked 
| 101|0x00000000c6500000, 0x00000000c6500000, 0x00000000c6600000|  0%| F|  |TAMS 0x00000000c6500000, 0x00000000c6500000| Untracked 
| 102|0x00000000c6600000, 0x00000000c6600000, 0x00000000c6700000|  0%| F|  |TAMS 0x00000000c6600000, 0x00000000c6600000| Untracked 
| 103|0x00000000c6700000, 0x00000000c6700000, 0x00000000c6800000|  0%| F|  |TAMS 0x00000000c6700000, 0x00000000c6700000| Untracked 
| 104|0x00000000c6800000, 0x00000000c6800000, 0x00000000c6900000|  0%| F|  |TAMS 0x00000000c6800000, 0x00000000c6800000| Untracked 
| 105|0x00000000c6900000, 0x00000000c6900000, 0x00000000c6a00000|  0%| F|  |TAMS 0x00000000c6900000, 0x00000000c6900000| Untracked 
| 106|0x00000000c6a00000, 0x00000000c6a00000, 0x00000000c6b00000|  0%| F|  |TAMS 0x00000000c6a00000, 0x00000000c6a00000| Untracked 
| 107|0x00000000c6b00000, 0x00000000c6b00000, 0x00000000c6c00000|  0%| F|  |TAMS 0x00000000c6b00000, 0x00000000c6b00000| Untracked 
| 108|0x00000000c6c00000, 0x00000000c6c00000, 0x00000000c6d00000|  0%| F|  |TAMS 0x00000000c6c00000, 0x00000000c6c00000| Untracked 
| 109|0x00000000c6d00000, 0x00000000c6d00000, 0x00000000c6e00000|  0%| F|  |TAMS 0x00000000c6d00000, 0x00000000c6d00000| Untracked 
| 110|0x00000000c6e00000, 0x00000000c6e00000, 0x00000000c6f00000|  0%| F|  |TAMS 0x00000000c6e00000, 0x00000000c6e00000| Untracked 
| 111|0x00000000c6f00000, 0x00000000c6f00000, 0x00000000c7000000|  0%| F|  |TAMS 0x00000000c6f00000, 0x00000000c6f00000| Untracked 
| 112|0x00000000c7000000, 0x00000000c7000000, 0x00000000c7100000|  0%| F|  |TAMS 0x00000000c7000000, 0x00000000c7000000| Untracked 
| 113|0x00000000c7100000, 0x00000000c7100000, 0x00000000c7200000|  0%| F|  |TAMS 0x00000000c7100000, 0x00000000c7100000| Untracked 
| 114|0x00000000c7200000, 0x00000000c7200000, 0x00000000c7300000|  0%| F|  |TAMS 0x00000000c7200000, 0x00000000c7200000| Untracked 
| 115|0x00000000c7300000, 0x00000000c7300000, 0x00000000c7400000|  0%| F|  |TAMS 0x00000000c7300000, 0x00000000c7300000| Untracked 
| 116|0x00000000c7400000, 0x00000000c7400000, 0x00000000c7500000|  0%| F|  |TAMS 0x00000000c7400000, 0x00000000c7400000| Untracked 
| 117|0x00000000c7500000, 0x00000000c7500000, 0x00000000c7600000|  0%| F|  |TAMS 0x00000000c7500000, 0x00000000c7500000| Untracked 
| 118|0x00000000c7600000, 0x00000000c7600000, 0x00000000c7700000|  0%| F|  |TAMS 0x00000000c7600000, 0x00000000c7600000| Untracked 
| 119|0x00000000c7700000, 0x00000000c7700000, 0x00000000c7800000|  0%| F|  |TAMS 0x00000000c7700000, 0x00000000c7700000| Untracked 
| 120|0x00000000c7800000, 0x00000000c7800000, 0x00000000c7900000|  0%| F|  |TAMS 0x00000000c7800000, 0x00000000c7800000| Untracked 
| 121|0x00000000c7900000, 0x00000000c7900000, 0x00000000c7a00000|  0%| F|  |TAMS 0x00000000c7900000, 0x00000000c7900000| Untracked 
| 122|0x00000000c7a00000, 0x00000000c7a00000, 0x00000000c7b00000|  0%| F|  |TAMS 0x00000000c7a00000, 0x00000000c7a00000| Untracked 
| 123|0x00000000c7b00000, 0x00000000c7b00000, 0x00000000c7c00000|  0%| F|  |TAMS 0x00000000c7b00000, 0x00000000c7b00000| Untracked 
| 124|0x00000000c7c00000, 0x00000000c7c00000, 0x00000000c7d00000|  0%| F|  |TAMS 0x00000000c7c00000, 0x00000000c7c00000| Untracked 
| 125|0x00000000c7d00000, 0x00000000c7d00000, 0x00000000c7e00000|  0%| F|  |TAMS 0x00000000c7d00000, 0x00000000c7d00000| Untracked 
| 126|0x00000000c7e00000, 0x00000000c7e00000, 0x00000000c7f00000|  0%| F|  |TAMS 0x00000000c7e00000, 0x00000000c7e00000| Untracked 
| 127|0x00000000c7f00000, 0x00000000c7f00000, 0x00000000c8000000|  0%| F|  |TAMS 0x00000000c7f00000, 0x00000000c7f00000| Untracked 
| 128|0x00000000c8000000, 0x00000000c8000000, 0x00000000c8100000|  0%| F|  |TAMS 0x00000000c8000000, 0x00000000c8000000| Untracked 
| 129|0x00000000c8100000, 0x00000000c8143e80, 0x00000000c8200000| 26%| E|  |TAMS 0x00000000c8100000, 0x00000000c8100000| Complete 

Card table byte_map: [0x0000022a08930000,0x0000022a08b30000] _byte_map_base: 0x0000022a08330000

Marking Bits (Prev, Next): (CMBitMap*) 0x0000022a027b4da0, (CMBitMap*) 0x0000022a027b4d60
 Prev Bits: [0x0000022a09d30000, 0x0000022a0ad30000)
 Next Bits: [0x0000022a08d30000, 0x0000022a09d30000)

Polling page: 0x0000022a00730000

Metaspace:

Usage:
  Non-class:     52.58 MB used.
      Class:      8.26 MB used.
       Both:     60.84 MB used.

Virtual space:
  Non-class space:       56.00 MB reserved,      53.06 MB ( 95%) committed,  7 nodes.
      Class space:        1.00 GB reserved,       8.56 MB ( <1%) committed,  1 nodes.
             Both:        1.05 GB reserved,      61.62 MB (  6%) committed. 

Chunk freelists:
   Non-Class:  3.21 MB
       Class:  3.56 MB
        Both:  6.78 MB

MaxMetaspaceSize: unlimited
CompressedClassSpaceSize: 1.00 GB
Initial GC threshold: 21.00 MB
Current GC threshold: 102.75 MB
CDS: off
MetaspaceReclaimPolicy: balanced
 - commit_granule_bytes: 65536.
 - commit_granule_words: 8192.
 - virtual_space_node_default_size: 1048576.
 - enlarge_chunks_in_place: 1.
 - new_chunks_are_fully_committed: 0.
 - uncommit_free_chunks: 1.
 - use_allocation_guard: 0.
 - handle_deallocations: 1.


Internal statistics:

num_allocs_failed_limit: 6.
num_arena_births: 632.
num_arena_deaths: 208.
num_vsnodes_births: 8.
num_vsnodes_deaths: 0.
num_space_committed: 986.
num_space_uncommitted: 0.
num_chunks_returned_to_freelist: 260.
num_chunks_taken_from_freelist: 2586.
num_chunk_merges: 86.
num_chunk_splits: 1839.
num_chunks_enlarged: 1410.
num_purges: 8.
num_inconsistent_stats: 0.

CodeCache: size=49152Kb used=16823Kb max_used=18177Kb free=32328Kb
 bounds [0x0000022a05400000, 0x0000022a065d0000, 0x0000022a08400000]
 total_blobs=9561 nmethods=8909 adapters=578
 compilation: enabled
              stopped_count=0, restarted_count=0
 full_count=0

Compilation events (20 events):
Event: 68327.937 Thread 0x0000022a0e456760 8899       1       ch.qos.logback.classic.pattern.ThrowableProxyConverter::printStackLine (23 bytes)
Event: 68327.938 Thread 0x0000022a0e456760 nmethod 8899 0x0000022a0590b290 code [0x0000022a0590b460, 0x0000022a0590b628]
Event: 68327.938 Thread 0x0000022a0e456760 8900       1       ch.qos.logback.classic.pattern.ThrowableProxyConverter::extraData (1 bytes)
Event: 68327.938 Thread 0x0000022a0e456760 nmethod 8900 0x0000022a0590af90 code [0x0000022a0590b120, 0x0000022a0590b1d8]
Event: 68327.938 Thread 0x0000022a0e456760 8901       1       java.lang.invoke.VarHandleGuards::guard_LII_Z (86 bytes)
Event: 68327.940 Thread 0x0000022a0e456760 nmethod 8901 0x0000022a05909910 code [0x0000022a05909ba0, 0x0000022a0590a648]
Event: 68328.146 Thread 0x0000022a0e456760 8903       1       jdk.internal.reflect.ClassFileAssembler::opc_athrow (12 bytes)
Event: 68328.146 Thread 0x0000022a0e456760 nmethod 8903 0x0000022a05909510 code [0x0000022a059096a0, 0x0000022a059097e8]
Event: 68330.331 Thread 0x0000022a0e456760 8904       1       com.google.gson.internal.$Gson$Types::checkNotPrimitive (26 bytes)
Event: 68330.331 Thread 0x0000022a0e456760 nmethod 8904 0x0000022a05909090 code [0x0000022a05909240, 0x0000022a05909428]
Event: 68344.625 Thread 0x0000022a0e456760 8905  s    1       org.springframework.ide.vscode.commons.languageserver.util.SimpleLanguageServer::getTextDocumentService (20 bytes)
Event: 68344.625 Thread 0x0000022a0e456760 nmethod 8905 0x0000022a05908b90 code [0x0000022a05908d40, 0x0000022a05908fc8]
Event: 68347.697 Thread 0x0000022a0e456760 8906       1       com.google.gson.internal.$Gson$Types$ParameterizedTypeImpl::getActualTypeArguments (11 bytes)
Event: 68347.697 Thread 0x0000022a0e456760 nmethod 8906 0x0000022a05908810 code [0x0000022a059089a0, 0x0000022a05908ae8]
Event: 68351.359 Thread 0x0000022a0e456760 8907       1       org.eclipse.lsp4j.jsonrpc.messages.Either::isLeft (13 bytes)
Event: 68351.359 Thread 0x0000022a0e456760 nmethod 8907 0x0000022a05908510 code [0x0000022a059086a0, 0x0000022a05908778]
Event: 201404.786 Thread 0x0000022a0e456760 8908 % !   1       java.util.concurrent.ThreadPoolExecutor::runWorker @ 21 (187 bytes)
Event: 201404.803 Thread 0x0000022a0e456760 nmethod 8908% 0x0000022a05907190 code [0x0000022a05907400, 0x0000022a05907de8]
Event: 204825.686 Thread 0x0000022a0e456760 8909   !   1       java.util.concurrent.ThreadPoolExecutor::runWorker (187 bytes)
Event: 204825.691 Thread 0x0000022a0e456760 nmethod 8909 0x0000022a05906310 code [0x0000022a05906560, 0x0000022a05906c58]

GC Heap History (20 events):
Event: 292552.896 GC heap before
{Heap before GC invocations=29013 (full 28960):
 garbage-first heap   total 133120K, used 38807K [0x00000000c0000000, 0x0000000100000000)
  region size 1024K, 1 young (1024K), 0 survivors (0K)
 Metaspace       used 62303K, committed 63104K, reserved 1105920K
  class space    used 8456K, committed 8768K, reserved 1048576K
}
Event: 292552.915 GC heap after
{Heap after GC invocations=29014 (full 28961):
 garbage-first heap   total 133120K, used 38807K [0x00000000c0000000, 0x0000000100000000)
  region size 1024K, 0 young (0K), 0 survivors (0K)
 Metaspace       used 62303K, committed 63104K, reserved 1105920K
  class space    used 8456K, committed 8768K, reserved 1048576K
}
Event: 292562.977 GC heap before
{Heap before GC invocations=29014 (full 28961):
 garbage-first heap   total 133120K, used 38807K [0x00000000c0000000, 0x0000000100000000)
  region size 1024K, 1 young (1024K), 0 survivors (0K)
 Metaspace       used 62303K, committed 63104K, reserved 1105920K
  class space    used 8456K, committed 8768K, reserved 1048576K
}
Event: 292562.997 GC heap after
{Heap after GC invocations=29015 (full 28962):
 garbage-first heap   total 133120K, used 38807K [0x00000000c0000000, 0x0000000100000000)
  region size 1024K, 0 young (0K), 0 survivors (0K)
 Metaspace       used 62303K, committed 63104K, reserved 1105920K
  class space    used 8456K, committed 8768K, reserved 1048576K
}
Event: 292573.066 GC heap before
{Heap before GC invocations=29015 (full 28962):
 garbage-first heap   total 133120K, used 38807K [0x00000000c0000000, 0x0000000100000000)
  region size 1024K, 1 young (1024K), 0 survivors (0K)
 Metaspace       used 62303K, committed 63104K, reserved 1105920K
  class space    used 8456K, committed 8768K, reserved 1048576K
}
Event: 292573.086 GC heap after
{Heap after GC invocations=29016 (full 28963):
 garbage-first heap   total 133120K, used 38807K [0x00000000c0000000, 0x0000000100000000)
  region size 1024K, 0 young (0K), 0 survivors (0K)
 Metaspace       used 62303K, committed 63104K, reserved 1105920K
  class space    used 8456K, committed 8768K, reserved 1048576K
}
Event: 292583.149 GC heap before
{Heap before GC invocations=29016 (full 28963):
 garbage-first heap   total 133120K, used 38807K [0x00000000c0000000, 0x0000000100000000)
  region size 1024K, 1 young (1024K), 0 survivors (0K)
 Metaspace       used 62303K, committed 63104K, reserved 1105920K
  class space    used 8456K, committed 8768K, reserved 1048576K
}
Event: 292583.170 GC heap after
{Heap after GC invocations=29017 (full 28964):
 garbage-first heap   total 133120K, used 38807K [0x00000000c0000000, 0x0000000100000000)
  region size 1024K, 0 young (0K), 0 survivors (0K)
 Metaspace       used 62303K, committed 63104K, reserved 1105920K
  class space    used 8456K, committed 8768K, reserved 1048576K
}
Event: 292593.231 GC heap before
{Heap before GC invocations=29017 (full 28964):
 garbage-first heap   total 133120K, used 38807K [0x00000000c0000000, 0x0000000100000000)
  region size 1024K, 1 young (1024K), 0 survivors (0K)
 Metaspace       used 62303K, committed 63104K, reserved 1105920K
  class space    used 8456K, committed 8768K, reserved 1048576K
}
Event: 292593.251 GC heap after
{Heap after GC invocations=29018 (full 28965):
 garbage-first heap   total 133120K, used 38807K [0x00000000c0000000, 0x0000000100000000)
  region size 1024K, 0 young (0K), 0 survivors (0K)
 Metaspace       used 62303K, committed 63104K, reserved 1105920K
  class space    used 8456K, committed 8768K, reserved 1048576K
}
Event: 292603.321 GC heap before
{Heap before GC invocations=29018 (full 28965):
 garbage-first heap   total 133120K, used 38807K [0x00000000c0000000, 0x0000000100000000)
  region size 1024K, 1 young (1024K), 0 survivors (0K)
 Metaspace       used 62303K, committed 63104K, reserved 1105920K
  class space    used 8456K, committed 8768K, reserved 1048576K
}
Event: 292603.342 GC heap after
{Heap after GC invocations=29019 (full 28966):
 garbage-first heap   total 133120K, used 38807K [0x00000000c0000000, 0x0000000100000000)
  region size 1024K, 0 young (0K), 0 survivors (0K)
 Metaspace       used 62303K, committed 63104K, reserved 1105920K
  class space    used 8456K, committed 8768K, reserved 1048576K
}
Event: 292613.418 GC heap before
{Heap before GC invocations=29019 (full 28966):
 garbage-first heap   total 133120K, used 38807K [0x00000000c0000000, 0x0000000100000000)
  region size 1024K, 1 young (1024K), 0 survivors (0K)
 Metaspace       used 62303K, committed 63104K, reserved 1105920K
  class space    used 8456K, committed 8768K, reserved 1048576K
}
Event: 292613.439 GC heap after
{Heap after GC invocations=29020 (full 28967):
 garbage-first heap   total 133120K, used 38807K [0x00000000c0000000, 0x0000000100000000)
  region size 1024K, 0 young (0K), 0 survivors (0K)
 Metaspace       used 62303K, committed 63104K, reserved 1105920K
  class space    used 8456K, committed 8768K, reserved 1048576K
}
Event: 292623.512 GC heap before
{Heap before GC invocations=29020 (full 28967):
 garbage-first heap   total 133120K, used 38807K [0x00000000c0000000, 0x0000000100000000)
  region size 1024K, 1 young (1024K), 0 survivors (0K)
 Metaspace       used 62303K, committed 63104K, reserved 1105920K
  class space    used 8456K, committed 8768K, reserved 1048576K
}
Event: 292623.532 GC heap after
{Heap after GC invocations=29021 (full 28968):
 garbage-first heap   total 133120K, used 38807K [0x00000000c0000000, 0x0000000100000000)
  region size 1024K, 0 young (0K), 0 survivors (0K)
 Metaspace       used 62303K, committed 63104K, reserved 1105920K
  class space    used 8456K, committed 8768K, reserved 1048576K
}
Event: 292633.609 GC heap before
{Heap before GC invocations=29021 (full 28968):
 garbage-first heap   total 133120K, used 38807K [0x00000000c0000000, 0x0000000100000000)
  region size 1024K, 1 young (1024K), 0 survivors (0K)
 Metaspace       used 62303K, committed 63104K, reserved 1105920K
  class space    used 8456K, committed 8768K, reserved 1048576K
}
Event: 292633.630 GC heap after
{Heap after GC invocations=29022 (full 28969):
 garbage-first heap   total 133120K, used 38807K [0x00000000c0000000, 0x0000000100000000)
  region size 1024K, 0 young (0K), 0 survivors (0K)
 Metaspace       used 62303K, committed 63104K, reserved 1105920K
  class space    used 8456K, committed 8768K, reserved 1048576K
}
Event: 292643.699 GC heap before
{Heap before GC invocations=29022 (full 28969):
 garbage-first heap   total 133120K, used 38807K [0x00000000c0000000, 0x0000000100000000)
  region size 1024K, 1 young (1024K), 0 survivors (0K)
 Metaspace       used 62303K, committed 63104K, reserved 1105920K
  class space    used 8456K, committed 8768K, reserved 1048576K
}
Event: 292643.721 GC heap after
{Heap after GC invocations=29023 (full 28970):
 garbage-first heap   total 133120K, used 38807K [0x00000000c0000000, 0x0000000100000000)
  region size 1024K, 0 young (0K), 0 survivors (0K)
 Metaspace       used 62303K, committed 63104K, reserved 1105920K
  class space    used 8456K, committed 8768K, reserved 1048576K
}

Dll operation events (9 events):
Event: 0.003 Loaded shared library c:\Users\DSK-PRO001\.vscode\extensions\redhat.java-1.15.0-win32-x64\jre\17.0.6-win32-x86_64\bin\java.dll
Event: 0.104 Loaded shared library C:\Users\DSK-PRO001\.vscode\extensions\redhat.java-1.15.0-win32-x64\jre\17.0.6-win32-x86_64\bin\net.dll
Event: 0.105 Loaded shared library C:\Users\DSK-PRO001\.vscode\extensions\redhat.java-1.15.0-win32-x64\jre\17.0.6-win32-x86_64\bin\nio.dll
Event: 0.259 Loaded shared library C:\Users\DSK-PRO001\.vscode\extensions\redhat.java-1.15.0-win32-x64\jre\17.0.6-win32-x86_64\bin\zip.dll
Event: 3.132 Loaded shared library C:\Users\DSK-PRO001\.vscode\extensions\redhat.java-1.15.0-win32-x64\jre\17.0.6-win32-x86_64\bin\jimage.dll
Event: 5.719 Loaded shared library C:\Users\DSK-PRO001\.vscode\extensions\redhat.java-1.15.0-win32-x64\jre\17.0.6-win32-x86_64\bin\management.dll
Event: 5.720 Loaded shared library C:\Users\DSK-PRO001\.vscode\extensions\redhat.java-1.15.0-win32-x64\jre\17.0.6-win32-x86_64\bin\management_ext.dll
Event: 7.152 Loaded shared library C:\Users\DSK-PRO001\.vscode\extensions\redhat.java-1.15.0-win32-x64\jre\17.0.6-win32-x86_64\bin\sunmscapi.dll
Event: 10.365 Loaded shared library c:\Users\DSK-PRO001\.vscode\extensions\redhat.java-1.15.0-win32-x64\jre\17.0.6-win32-x86_64\bin\verify.dll

Deoptimization events (20 events):
Event: 7.821 Thread 0x0000022a0fced220 DEOPT PACKING pc=0x0000022a0597e052 sp=0x000000d4e43fe410
Event: 7.821 Thread 0x0000022a0fced220 DEOPT UNPACKING pc=0x0000022a05457143 sp=0x000000d4e43fd918 mode 3
Event: 7.821 Thread 0x0000022a0fced220 DEOPT PACKING pc=0x0000022a058c54c5 sp=0x000000d4e43fe3d0
Event: 7.821 Thread 0x0000022a0fced220 DEOPT UNPACKING pc=0x0000022a05457143 sp=0x000000d4e43fd918 mode 3
Event: 7.838 Thread 0x0000022a0fced220 DEOPT PACKING pc=0x0000022a060e7fcf sp=0x000000d4e43fdba0
Event: 7.838 Thread 0x0000022a0fced220 DEOPT UNPACKING pc=0x0000022a05457143 sp=0x000000d4e43fd090 mode 3
Event: 10.840 Thread 0x0000022a0e547d50 DEOPT PACKING pc=0x0000022a06547a74 sp=0x000000d4e28fdc60
Event: 10.840 Thread 0x0000022a0e547d50 DEOPT UNPACKING pc=0x0000022a05457143 sp=0x000000d4e28fd190 mode 0
Event: 10.840 Thread 0x0000022a0e547d50 DEOPT PACKING pc=0x0000022a0655469c sp=0x000000d4e28fde90
Event: 10.840 Thread 0x0000022a0e547d50 DEOPT UNPACKING pc=0x0000022a05457143 sp=0x000000d4e28fd398 mode 0
Event: 10.840 Thread 0x0000022a0e547d50 DEOPT PACKING pc=0x0000022a064b1df4 sp=0x000000d4e28fdf80
Event: 10.840 Thread 0x0000022a0e547d50 DEOPT UNPACKING pc=0x0000022a05457143 sp=0x000000d4e28fd478 mode 0
Event: 10.840 Thread 0x0000022a0e547d50 DEOPT PACKING pc=0x0000022a06488c74 sp=0x000000d4e28fe050
Event: 10.840 Thread 0x0000022a0e547d50 DEOPT UNPACKING pc=0x0000022a05457143 sp=0x000000d4e28fd528 mode 0
Event: 10.840 Thread 0x0000022a0e547d50 DEOPT PACKING pc=0x0000022a064879a4 sp=0x000000d4e28fe100
Event: 10.840 Thread 0x0000022a0e547d50 DEOPT UNPACKING pc=0x0000022a05457143 sp=0x000000d4e28fd680 mode 0
Event: 10.841 Thread 0x0000022a0e547d50 DEOPT PACKING pc=0x0000022a06572fac sp=0x000000d4e28fe420
Event: 10.841 Thread 0x0000022a0e547d50 DEOPT UNPACKING pc=0x0000022a05457143 sp=0x000000d4e28fd8b0 mode 0
Event: 291.276 Thread 0x0000022a0e5931e0 DEOPT PACKING pc=0x0000022a05a12454 sp=0x000000d4e25ff020
Event: 291.276 Thread 0x0000022a0e5931e0 DEOPT UNPACKING pc=0x0000022a05457143 sp=0x000000d4e25fe4a8 mode 0

Classes unloaded (20 events):
Event: 126.556 Thread 0x0000022a0da16580 Unloading class 0x0000000100091800 'java/lang/invoke/LambdaForm$MH+0x0000000100091800'
Event: 126.556 Thread 0x0000022a0da16580 Unloading class 0x0000000100091400 'java/lang/invoke/LambdaForm$MH+0x0000000100091400'
Event: 126.556 Thread 0x0000022a0da16580 Unloading class 0x0000000100091000 'java/lang/invoke/LambdaForm$MH+0x0000000100091000'
Event: 126.556 Thread 0x0000022a0da16580 Unloading class 0x0000000100090c00 'java/lang/invoke/LambdaForm$MH+0x0000000100090c00'
Event: 126.556 Thread 0x0000022a0da16580 Unloading class 0x0000000100090800 'java/lang/invoke/LambdaForm$MH+0x0000000100090800'
Event: 126.556 Thread 0x0000022a0da16580 Unloading class 0x0000000100090400 'java/lang/invoke/LambdaForm$MH+0x0000000100090400'
Event: 126.556 Thread 0x0000022a0da16580 Unloading class 0x0000000100090000 'java/lang/invoke/LambdaForm$MH+0x0000000100090000'
Event: 126.556 Thread 0x0000022a0da16580 Unloading class 0x000000010008b800 'java/lang/invoke/LambdaForm$MH+0x000000010008b800'
Event: 126.556 Thread 0x0000022a0da16580 Unloading class 0x000000010008b400 'java/lang/invoke/LambdaForm$MH+0x000000010008b400'
Event: 126.556 Thread 0x0000022a0da16580 Unloading class 0x000000010008b000 'java/lang/invoke/LambdaForm$MH+0x000000010008b000'
Event: 126.556 Thread 0x0000022a0da16580 Unloading class 0x000000010008ac00 'java/lang/invoke/LambdaForm$MH+0x000000010008ac00'
Event: 126.556 Thread 0x0000022a0da16580 Unloading class 0x000000010008a800 'java/lang/invoke/LambdaForm$MH+0x000000010008a800'
Event: 126.556 Thread 0x0000022a0da16580 Unloading class 0x000000010008a400 'java/lang/invoke/LambdaForm$MH+0x000000010008a400'
Event: 126.556 Thread 0x0000022a0da16580 Unloading class 0x0000000100089c00 'java/lang/invoke/LambdaForm$MH+0x0000000100089c00'
Event: 126.556 Thread 0x0000022a0da16580 Unloading class 0x0000000100089400 'java/lang/invoke/LambdaForm$MH+0x0000000100089400'
Event: 126.556 Thread 0x0000022a0da16580 Unloading class 0x0000000100088c00 'java/lang/invoke/LambdaForm$MH+0x0000000100088c00'
Event: 126.556 Thread 0x0000022a0da16580 Unloading class 0x0000000100088400 'java/lang/invoke/LambdaForm$MH+0x0000000100088400'
Event: 398.527 Thread 0x0000022a0da16580 Unloading class 0x00000001005b2400 'java/lang/invoke/LambdaForm$MH+0x00000001005b2400'
Event: 398.527 Thread 0x0000022a0da16580 Unloading class 0x00000001005b3400 'java/lang/invoke/LambdaForm$MH+0x00000001005b3400'
Event: 398.527 Thread 0x0000022a0da16580 Unloading class 0x00000001006b4000 'java/lang/invoke/LambdaForm$MH+0x00000001006b4000'

Classes redefined (0 events):
No events

Internal exceptions (20 events):
Event: 10.243 Thread 0x0000022a0fceb070 Exception <a 'sun/nio/fs/WindowsException'{0x00000000e57f87d0}> (0x00000000e57f87d0) 
thrown [s\src\hotspot\share\prims\jni.cpp, line 516]
Event: 10.243 Thread 0x0000022a0fceb070 Exception <a 'sun/nio/fs/WindowsException'{0x00000000e57f91e0}> (0x00000000e57f91e0) 
thrown [s\src\hotspot\share\prims\jni.cpp, line 516]
Event: 10.243 Thread 0x0000022a0fceb070 Exception <a 'sun/nio/fs/WindowsException'{0x00000000e57f95a0}> (0x00000000e57f95a0) 
thrown [s\src\hotspot\share\prims\jni.cpp, line 516]
Event: 10.243 Thread 0x0000022a0fceb070 Exception <a 'sun/nio/fs/WindowsException'{0x00000000e57f9fb0}> (0x00000000e57f9fb0) 
thrown [s\src\hotspot\share\prims\jni.cpp, line 516]
Event: 10.243 Thread 0x0000022a0fceb070 Exception <a 'sun/nio/fs/WindowsException'{0x00000000e57fa388}> (0x00000000e57fa388) 
thrown [s\src\hotspot\share\prims\jni.cpp, line 516]
Event: 10.243 Thread 0x0000022a0fceb070 Exception <a 'sun/nio/fs/WindowsException'{0x00000000e57fadc0}> (0x00000000e57fadc0) 
thrown [s\src\hotspot\share\prims\jni.cpp, line 516]
Event: 10.243 Thread 0x0000022a0fceb070 Exception <a 'sun/nio/fs/WindowsException'{0x00000000e57fb1b0}> (0x00000000e57fb1b0) 
thrown [s\src\hotspot\share\prims\jni.cpp, line 516]
Event: 10.243 Thread 0x0000022a0fceb070 Exception <a 'sun/nio/fs/WindowsException'{0x00000000e57fbc00}> (0x00000000e57fbc00) 
thrown [s\src\hotspot\share\prims\jni.cpp, line 516]
Event: 10.243 Thread 0x0000022a0fceb070 Exception <a 'sun/nio/fs/WindowsException'{0x00000000e57fc010}> (0x00000000e57fc010) 
thrown [s\src\hotspot\share\prims\jni.cpp, line 516]
Event: 10.243 Thread 0x0000022a0fceb070 Exception <a 'sun/nio/fs/WindowsException'{0x00000000e57fca48}> (0x00000000e57fca48) 
thrown [s\src\hotspot\share\prims\jni.cpp, line 516]
Event: 10.244 Thread 0x0000022a0fceb070 Exception <a 'sun/nio/fs/WindowsException'{0x00000000e57fce50}> (0x00000000e57fce50) 
thrown [s\src\hotspot\share\prims\jni.cpp, line 516]
Event: 10.263 Thread 0x0000022a126c4c60 Exception <a 'sun/nio/fs/WindowsException'{0x00000000e40cf6d0}> (0x00000000e40cf6d0) 
thrown [s\src\hotspot\share\prims\jni.cpp, line 516]
Event: 10.264 Thread 0x0000022a0fce8ec0 Exception <a 'sun/nio/fs/WindowsException'{0x00000000e3399710}> (0x00000000e3399710) 
thrown [s\src\hotspot\share\prims\jni.cpp, line 516]
Event: 10.264 Thread 0x0000022a0fcecd50 Exception <a 'sun/nio/fs/WindowsException'{0x00000000e35b5f30}> (0x00000000e35b5f30) 
thrown [s\src\hotspot\share\prims\jni.cpp, line 516]
Event: 10.264 Thread 0x0000022a126c77b0 Exception <a 'sun/nio/fs/WindowsException'{0x00000000e3b3e9f8}> (0x00000000e3b3e9f8) 
thrown [s\src\hotspot\share\prims\jni.cpp, line 516]
Event: 10.264 Thread 0x0000022a0fce7b80 Exception <a 'sun/nio/fs/WindowsException'{0x00000000e3407488}> (0x00000000e3407488) 
thrown [s\src\hotspot\share\prims\jni.cpp, line 516]
Event: 10.264 Thread 0x0000022a126c8620 Exception <a 'sun/nio/fs/WindowsException'{0x00000000e3bae2d0}> (0x00000000e3bae2d0) 
thrown [s\src\hotspot\share\prims\jni.cpp, line 516]
Event: 10.271 Thread 0x0000022a0e547d50 Exception <a 'java/lang/NoSuchMethodError'{0x00000000e57313a8}: 'void java.lang.invoke.DirectMethodHandle$Holder.invokeStatic(java.lang.Object, java.lang.Object, java.lang.Object, java.lang.Object, java.lang.Object, java.lang.Object, java.lang.Object)'> (0x00000000e57313a8) 
thrown [s\src\hotspot\share\interpreter\linkResolver.cpp, line 759]
Event: 45.746 Thread 0x0000022a0fa184c0 Exception <a 'java/lang/NoSuchMethodError'{0x00000000e6902d18}: 'void java.lang.invoke.DirectMethodHandle$Holder.invokeStatic(java.lang.Object, long)'> (0x00000000e6902d18) 
thrown [s\src\hotspot\share\interpreter\linkResolver.cpp, line 759]
Event: 45.746 Thread 0x0000022a0fa184c0 Exception <a 'java/lang/NoSuchMethodError'{0x00000000e69080c0}: 'java.lang.Object java.lang.invoke.DirectMethodHandle$Holder.newInvokeSpecial(java.lang.Object, long)'> (0x00000000e69080c0) 
thrown [s\src\hotspot\share\interpreter\linkResolver.cpp, line 759]

VM Operations (20 events):
Event: 292552.915 Executing VM operation: G1CollectFull done
Event: 292562.977 Executing VM operation: G1CollectFull
Event: 292562.997 Executing VM operation: G1CollectFull done
Event: 292573.066 Executing VM operation: G1CollectFull
Event: 292573.086 Executing VM operation: G1CollectFull done
Event: 292583.149 Executing VM operation: G1CollectFull
Event: 292583.170 Executing VM operation: G1CollectFull done
Event: 292593.231 Executing VM operation: G1CollectFull
Event: 292593.251 Executing VM operation: G1CollectFull done
Event: 292603.321 Executing VM operation: G1CollectFull
Event: 292603.342 Executing VM operation: G1CollectFull done
Event: 292613.418 Executing VM operation: G1CollectFull
Event: 292613.439 Executing VM operation: G1CollectFull done
Event: 292623.512 Executing VM operation: G1CollectFull
Event: 292623.532 Executing VM operation: G1CollectFull done
Event: 292633.609 Executing VM operation: G1CollectFull
Event: 292633.630 Executing VM operation: G1CollectFull done
Event: 292643.699 Executing VM operation: G1CollectFull
Event: 292643.721 Executing VM operation: G1CollectFull done
Event: 292653.796 Executing VM operation: G1CollectFull

Events (20 events):
Event: 131.008 Thread 0x0000022a0fce6d10 Thread exited: 0x0000022a0fce6d10
Event: 191.014 Thread 0x0000022a0fcebee0 Thread exited: 0x0000022a0fcebee0
Event: 291.277 Thread 0x0000022a0fce76b0 Thread added: 0x0000022a0fce76b0
Event: 383.523 Thread 0x0000022a0fce76b0 Thread exited: 0x0000022a0fce76b0
Event: 12496.710 Thread 0x0000022a0fce6d10 Thread added: 0x0000022a0fce6d10
Event: 12556.716 Thread 0x0000022a0fce6d10 Thread exited: 0x0000022a0fce6d10
Event: 66061.191 Thread 0x0000022a0fceb540 Thread added: 0x0000022a0fceb540
Event: 66061.193 Thread 0x0000022a0fcea200 Thread added: 0x0000022a0fcea200
Event: 66121.197 Thread 0x0000022a0fceb540 Thread exited: 0x0000022a0fceb540
Event: 66121.197 Thread 0x0000022a0fcea200 Thread exited: 0x0000022a0fcea200
Event: 66310.795 Thread 0x0000022a0fceb070 Thread added: 0x0000022a0fceb070
Event: 66370.806 Thread 0x0000022a0fceb070 Thread exited: 0x0000022a0fceb070
Event: 68319.907 Thread 0x0000022a0fceb540 Thread added: 0x0000022a0fceb540
Event: 68327.933 Thread 0x0000022a0fcebee0 Thread added: 0x0000022a0fcebee0
Event: 68327.934 Thread 0x0000022a0fcec3b0 Thread added: 0x0000022a0fcec3b0
Event: 68387.949 Thread 0x0000022a0fceb540 Thread exited: 0x0000022a0fceb540
Event: 68388.167 Thread 0x0000022a0fcebee0 Thread exited: 0x0000022a0fcebee0
Event: 68411.365 Thread 0x0000022a0fcec3b0 Thread exited: 0x0000022a0fcec3b0
Event: 101445.412 Thread 0x0000022a0fce6d10 Thread added: 0x0000022a0fce6d10
Event: 101508.827 Thread 0x0000022a0fce6d10 Thread exited: 0x0000022a0fce6d10


Dynamic libraries:
0x00007ff7705e0000 - 0x00007ff7705ee000 	c:\Users\DSK-PRO001\.vscode\extensions\redhat.java-1.15.0-win32-x64\jre\17.0.6-win32-x86_64\bin\java.exe
0x00007fff8d1f0000 - 0x00007fff8d3e8000 	C:\WINDOWS\SYSTEM32\ntdll.dll
0x00007fff8c6a0000 - 0x00007fff8c75f000 	C:\WINDOWS\System32\KERNEL32.DLL
0x00007fff8ab50000 - 0x00007fff8ae46000 	C:\WINDOWS\System32\KERNELBASE.dll
0x00007fff8aec0000 - 0x00007fff8afc0000 	C:\WINDOWS\System32\ucrtbase.dll
0x00007fff80080000 - 0x00007fff80097000 	c:\Users\DSK-PRO001\.vscode\extensions\redhat.java-1.15.0-win32-x64\jre\17.0.6-win32-x86_64\bin\jli.dll
0x00007fff809e0000 - 0x00007fff809f9000 	c:\Users\DSK-PRO001\.vscode\extensions\redhat.java-1.15.0-win32-x64\jre\17.0.6-win32-x86_64\bin\VCRUNTIME140.dll
0x00007fff8d010000 - 0x00007fff8d1ad000 	C:\WINDOWS\System32\USER32.dll
0x00007fff8b260000 - 0x00007fff8b282000 	C:\WINDOWS\System32\win32u.dll
0x00007fff7bc20000 - 0x00007fff7beba000 	C:\WINDOWS\WinSxS\amd64_microsoft.windows.common-controls_6595b64144ccf1df_6.0.19041.1110_none_60b5254171f9507e\COMCTL32.dll
0x00007fff8bb50000 - 0x00007fff8bb7c000 	C:\WINDOWS\System32\GDI32.dll
0x00007fff8b820000 - 0x00007fff8b8be000 	C:\WINDOWS\System32\msvcrt.dll
0x00007fff8aa30000 - 0x00007fff8ab45000 	C:\WINDOWS\System32\gdi32full.dll
0x00007fff8a990000 - 0x00007fff8aa2d000 	C:\WINDOWS\System32\msvcp_win.dll
0x00007fff8cfd0000 - 0x00007fff8d000000 	C:\WINDOWS\System32\IMM32.DLL
0x00007fff880c0000 - 0x00007fff880cc000 	c:\Users\DSK-PRO001\.vscode\extensions\redhat.java-1.15.0-win32-x64\jre\17.0.6-win32-x86_64\bin\vcruntime140_1.dll
0x00007fff58470000 - 0x00007fff58501000 	c:\Users\DSK-PRO001\.vscode\extensions\redhat.java-1.15.0-win32-x64\jre\17.0.6-win32-x86_64\bin\msvcp140.dll
0x00007fff2ebc0000 - 0x00007fff2f807000 	c:\Users\DSK-PRO001\.vscode\extensions\redhat.java-1.15.0-win32-x64\jre\17.0.6-win32-x86_64\bin\server\jvm.dll
0x00007fff8c5f0000 - 0x00007fff8c69f000 	C:\WINDOWS\System32\ADVAPI32.dll
0x00007fff8cab0000 - 0x00007fff8cb4c000 	C:\WINDOWS\System32\sechost.dll
0x00007fff8b8c0000 - 0x00007fff8b9e6000 	C:\WINDOWS\System32\RPCRT4.dll
0x00007fff7f7e0000 - 0x00007fff7f7e9000 	C:\WINDOWS\SYSTEM32\WSOCK32.dll
0x00007fff81c30000 - 0x00007fff81c57000 	C:\WINDOWS\SYSTEM32\WINMM.dll
0x00007fff83cc0000 - 0x00007fff83cca000 	C:\WINDOWS\SYSTEM32\VERSION.dll
0x00007fff8c4d0000 - 0x00007fff8c53b000 	C:\WINDOWS\System32\WS2_32.dll
0x00007fff88800000 - 0x00007fff88812000 	C:\WINDOWS\SYSTEM32\kernel.appcore.dll
0x00007fff7f5b0000 - 0x00007fff7f5ba000 	c:\Users\DSK-PRO001\.vscode\extensions\redhat.java-1.15.0-win32-x64\jre\17.0.6-win32-x86_64\bin\jimage.dll
0x00007fff7c930000 - 0x00007fff7cb14000 	C:\WINDOWS\SYSTEM32\DBGHELP.DLL
0x00007fff7c6c0000 - 0x00007fff7c6f4000 	C:\WINDOWS\SYSTEM32\dbgcore.DLL
0x00007fff8b1d0000 - 0x00007fff8b252000 	C:\WINDOWS\System32\bcryptPrimitives.dll
0x00007fff63bd0000 - 0x00007fff63bf5000 	c:\Users\DSK-PRO001\.vscode\extensions\redhat.java-1.15.0-win32-x64\jre\17.0.6-win32-x86_64\bin\java.dll
0x00007fff67dc0000 - 0x00007fff67dd8000 	c:\Users\DSK-PRO001\.vscode\extensions\redhat.java-1.15.0-win32-x64\jre\17.0.6-win32-x86_64\bin\zip.dll
0x00007fff8bcb0000 - 0x00007fff8c3f4000 	C:\WINDOWS\System32\SHELL32.dll
0x00007fff88a00000 - 0x00007fff89193000 	C:\WINDOWS\SYSTEM32\windows.storage.dll
0x00007fff8cc70000 - 0x00007fff8cfc4000 	C:\WINDOWS\System32\combase.dll
0x00007fff8a270000 - 0x00007fff8a29e000 	C:\WINDOWS\SYSTEM32\Wldp.dll
0x00007fff8c970000 - 0x00007fff8ca1d000 	C:\WINDOWS\System32\SHCORE.dll
0x00007fff8c910000 - 0x00007fff8c965000 	C:\WINDOWS\System32\shlwapi.dll
0x00007fff8a8a0000 - 0x00007fff8a8bf000 	C:\WINDOWS\SYSTEM32\profapi.dll
0x00007fff65c50000 - 0x00007fff65c69000 	C:\Users\DSK-PRO001\.vscode\extensions\redhat.java-1.15.0-win32-x64\jre\17.0.6-win32-x86_64\bin\net.dll
0x00007fff84560000 - 0x00007fff8466a000 	C:\WINDOWS\SYSTEM32\WINHTTP.dll
0x00007fff89fe0000 - 0x00007fff8a04a000 	C:\WINDOWS\system32\mswsock.dll
0x00007fff62cb0000 - 0x00007fff62cc5000 	C:\Users\DSK-PRO001\.vscode\extensions\redhat.java-1.15.0-win32-x64\jre\17.0.6-win32-x86_64\bin\nio.dll
0x00007fff8a410000 - 0x00007fff8a428000 	C:\WINDOWS\SYSTEM32\CRYPTSP.dll
0x00007fff89920000 - 0x00007fff89954000 	C:\WINDOWS\system32\rsaenh.dll
0x00007fff8a960000 - 0x00007fff8a987000 	C:\WINDOWS\System32\bcrypt.dll
0x00007fff8a860000 - 0x00007fff8a88e000 	C:\WINDOWS\SYSTEM32\USERENV.dll
0x00007fff8a170000 - 0x00007fff8a17c000 	C:\WINDOWS\SYSTEM32\CRYPTBASE.dll
0x00007fff89cf0000 - 0x00007fff89d2c000 	C:\WINDOWS\SYSTEM32\IPHLPAPI.DLL
0x00007fff8d000000 - 0x00007fff8d008000 	C:\WINDOWS\System32\NSI.dll
0x00007fff85140000 - 0x00007fff85157000 	C:\WINDOWS\SYSTEM32\dhcpcsvc6.DLL
0x00007fff85120000 - 0x00007fff8513d000 	C:\WINDOWS\SYSTEM32\dhcpcsvc.DLL
0x00007fff89d30000 - 0x00007fff89dfb000 	C:\WINDOWS\SYSTEM32\DNSAPI.dll
0x00007fff64400000 - 0x00007fff64409000 	C:\Users\DSK-PRO001\.vscode\extensions\redhat.java-1.15.0-win32-x64\jre\17.0.6-win32-x86_64\bin\management.dll
0x00007fff63bc0000 - 0x00007fff63bcb000 	C:\Users\DSK-PRO001\.vscode\extensions\redhat.java-1.15.0-win32-x64\jre\17.0.6-win32-x86_64\bin\management_ext.dll
0x00007fff8ca20000 - 0x00007fff8ca28000 	C:\WINDOWS\System32\PSAPI.DLL
0x00007fff64410000 - 0x00007fff6441e000 	C:\Users\DSK-PRO001\.vscode\extensions\redhat.java-1.15.0-win32-x64\jre\17.0.6-win32-x86_64\bin\sunmscapi.dll
0x00007fff8afc0000 - 0x00007fff8b11e000 	C:\WINDOWS\System32\CRYPT32.dll
0x00007fff8a2e0000 - 0x00007fff8a308000 	C:\WINDOWS\SYSTEM32\ncrypt.dll
0x00007fff8a2a0000 - 0x00007fff8a2db000 	C:\WINDOWS\SYSTEM32\NTASN1.dll
0x00007fff7f830000 - 0x00007fff7f83a000 	C:\Windows\System32\rasadhlp.dll
0x00007fff83f40000 - 0x00007fff83fc2000 	C:\WINDOWS\System32\fwpuclnt.dll
0x00007fff701c0000 - 0x00007fff701d0000 	c:\Users\DSK-PRO001\.vscode\extensions\redhat.java-1.15.0-win32-x64\jre\17.0.6-win32-x86_64\bin\verify.dll

dbghelp: loaded successfully - version: 4.0.5 - missing functions: none
symbol engine: initialized successfully - sym options: 0x614 - pdb path: .;c:\Users\DSK-PRO001\.vscode\extensions\redhat.java-1.15.0-win32-x64\jre\17.0.6-win32-x86_64\bin;C:\WINDOWS\SYSTEM32;C:\WINDOWS\WinSxS\amd64_microsoft.windows.common-controls_6595b64144ccf1df_6.0.19041.1110_none_60b5254171f9507e;c:\Users\DSK-PRO001\.vscode\extensions\redhat.java-1.15.0-win32-x64\jre\17.0.6-win32-x86_64\bin\server

VM Arguments:
jvm_args: -XX:+HeapDumpOnOutOfMemoryError -Xmx1024m -Dsts.lsp.client=vscode -Dsts.log.file=/dev/null -XX:TieredStopAtLevel=1 -Xlog:jni+resolve=off -Dspring.config.location=file:c:\Users\DSK-PRO001\.vscode\extensions\vmware.vscode-spring-boot-1.46.0\language-server\BOOT-INF\classes\application.properties 
java_command: org.springframework.ide.vscode.boot.app.BootLanguageServerBootApp
java_class_path (initial): c:\Users\DSK-PRO001\.vscode\extensions\vmware.vscode-spring-boot-1.46.0\language-server\BOOT-INF\classes;c:\Users\DSK-PRO001\.vscode\extensions\vmware.vscode-spring-boot-1.46.0\language-server\BOOT-INF\lib\annotations-24.0.1.jar;c:\Users\DSK-PRO001\.vscode\extensions\vmware.vscode-spring-boot-1.46.0\language-server\BOOT-INF\lib\antlr-runtime-3.5.3.jar;c:\Users\DSK-PRO001\.vscode\extensions\vmware.vscode-spring-boot-1.46.0\language-server\BOOT-INF\lib\antlr4-4.11.1.jar;c:\Users\DSK-PRO001\.vscode\extensions\vmware.vscode-spring-boot-1.46.0\language-server\BOOT-INF\lib\antlr4-runtime-4.11.1.jar;c:\Users\DSK-PRO001\.vscode\extensions\vmware.vscode-spring-boot-1.46.0\language-server\BOOT-INF\lib\asm-9.5.jar;c:\Users\DSK-PRO001\.vscode\extensions\vmware.vscode-spring-boot-1.46.0\language-server\BOOT-INF\lib\asm-analysis-9.5.jar;c:\Users\DSK-PRO001\.vscode\extensions\vmware.vscode-spring-boot-1.46.0\language-server\BOOT-INF\lib\asm-tree-9.5.jar;c:\Users\DSK-PRO001\.vscode\extensions\vmware.vscode-spring-boot-1.46.0\language-server\BOOT-INF\lib\asm-util-9.5.jar;c:\Users\DSK-PRO001\.vscode\extensions\vmware.vscode-spring-boot-1.46.0\language-server\BOOT-INF\lib\caffeine-3.1.2.jar;c:\Users\DSK-PRO001\.vscode\extensions\vmware.vscode-spring-boot-1.46.0\language-server\BOOT-INF\lib\checker-qual-3.12.0.jar;c:\Users\DSK-PRO001\.vscode\extensions\vmware.vscode-spring-boot-1.46.0\language-server\BOOT-INF\lib\classgraph-4.8.149.jar;c:\Users\DSK-PRO001\.vscode\extensions\vmware.vscode-spring-boot-1.46.0\language-server\BOOT-INF\lib\commons-codec-1.15.jar;c:\Users\DSK-PRO001\.vscode\extensions\vmware.vscode-spring-boot-1.46.0\language-server\BOOT-INF\lib\commons-compress-1.23.0.jar;c:\Users\DSK-PRO001\.vscode\extensions\vmware.vscode-spring-boot-1.46.0\language-server\BOOT-INF\lib\commons-io-2.4.jar;c:\Users\DSK-PRO001\.vscode\extensions\vmware.vscode-spring-boot-1.46.0\language-server\BOOT-INF\lib\commons-java-1.46.0-SNAPSHOT.jar;c:\Users\DSK-PRO001\.vsc
Launcher Type: SUN_STANDARD

[Global flags]
     intx CICompilerCount                          = 4                                         {product} {ergonomic}
     uint ConcGCThreads                            = 3                                         {product} {ergonomic}
     uint G1ConcRefinementThreads                  = 10                                        {product} {ergonomic}
   size_t G1HeapRegionSize                         = 1048576                                   {product} {ergonomic}
    uintx GCDrainStackTargetSize                   = 64                                        {product} {ergonomic}
     bool HeapDumpOnOutOfMemoryError               = true                                   {manageable} {command line}
   size_t InitialHeapSize                          = 268435456                                 {product} {ergonomic}
   size_t MarkStackSize                            = 4194304                                   {product} {ergonomic}
   size_t MaxHeapSize                              = 1073741824                                {product} {command line}
   size_t MaxNewSize                               = 643825664                                 {product} {ergonomic}
   size_t MinHeapDeltaBytes                        = 1048576                                   {product} {ergonomic}
   size_t MinHeapSize                              = 8388608                                   {product} {ergonomic}
    uintx NonProfiledCodeHeapSize                  = 0                                      {pd product} {ergonomic}
     bool ProfileInterpreter                       = false                                  {pd product} {command line}
    uintx ProfiledCodeHeapSize                     = 0                                      {pd product} {ergonomic}
   size_t SoftMaxHeapSize                          = 1073741824                             {manageable} {ergonomic}
     intx TieredStopAtLevel                        = 1                                         {product} {command line}
     bool UseCompressedClassPointers               = true                           {product lp64_product} {ergonomic}
     bool UseCompressedOops                        = true                           {product lp64_product} {ergonomic}
     bool UseG1GC                                  = true                                      {product} {ergonomic}
     bool UseLargePagesIndividualAllocation        = false                                  {pd product} {ergonomic}

Logging:
Log output configuration:
 #0: stdout all=warning,jni+resolve=off uptime,level,tags
 #1: stderr all=off uptime,level,tags

Environment Variables:
JAVA_HOME=C:\Program Files\Java\jdk-17.0.1
PATH=C:\app\DSK-PRO001\product\12.1.0\client_1;C:\Python310\Scripts\;C:\Python310\;C:\app\client\DSK-PRO001\product\12.1.0\client_1\bin;C:\Program Files\Common Files\Oracle\Java\javapath;C:\Program Files (x86)\Common Files\Oracle\Java\javapath;C:\WINDOWS\system32;C:\WINDOWS;C:\WINDOWS\System32\Wbem;C:\WINDOWS\System32\WindowsPowerShell\v1.0\;C:\Program Files (x86)\ATI Technologies\ATI.ACE\Core-Static;C:\flutter\bin;C:\WINDOWS\System32\OpenSSH\;C:\php;C:\Program Files\Microsoft SQL Server\150\Tools\Binn\;C:\Program Files\MongoDB\Server\5.0\bin;C:\Program Files\MongoDB\Tools\100\bin;C:\Program Files\dotnet\;C:\dev\apache-maven-3.8.3\bin;C:\Program Files\Java\jdk-11.0.12\bin;C:\cygwin64\bin;C:\Program Files\Microsoft SQL Server\Client SDK\ODBC\170\Tools\Binn\;C:\Program Files (x86)\Microsoft SQL Server\150\Tools\Binn\;C:\Program Files\Microsoft SQL Server\150\DTS\Binn\;C:\Program Files (x86)\Microsoft SQL Server\150\DTS\Binn\;C:\MinGW\bin;C:\Program Files\Docker\Docker\resources\bin;C:\ProgramData\DockerDesktop\version-bin;C:\Program Files\Git\cmd;C:\Users\DSK-PRO001\AppData\Local\Pub\Cache\bin;C:\Program Files\nodejs\;C:\Program Files\WindowsApps\Microsoft.WindowsTerminal_1.16.10261.0_x64__8wekyb3d8bbwe;C:\app\DSK-PRO001\product\12.1.0\client_1;C:\Python310\Scripts\;C:\Python310\;C:\app\client\DSK-PRO001\product\12.1.0\client_1\bin;C:\Program Files\Common Files\Oracle\Java\javapath;C:\Program Files (x86)\Common Files\Oracle\Java\javapath;C:\WINDOWS\system32;C:\WINDOWS;C:\WINDOWS\System32\Wbem;C:\WINDOWS\System32\WindowsPowerShell\v1.0\;C:\Program Files (x86)\ATI Technologies\ATI.ACE\Core-Static;C:\flutter\bin;C:\WINDOWS\System32\OpenSSH\;C:\Program Files\nodejs\;C:\php;C:\Program Files\Microsoft SQL Server\150\Tools\Binn\;C:\Program Files\MongoDB\Server\5.0\bin;C:\Program Files\MongoDB\Tools\100\bin;C:\Program Files\dotnet\;C:\dev\apache-maven-3.8.3\bin;C:\Program Files\Java\jdk-11.0.12\bin;C:\cygwin64\bin;C:\Program Files\Microsoft SQL Server\Client SDK\ODBC\170\Tools\B
USERNAME=DSK-PRO001
OS=Windows_NT
PROCESSOR_IDENTIFIER=AMD64 Family 25 Model 33 Stepping 0, AuthenticAMD
TMP=C:\Users\DSK-PR~1\AppData\Local\Temp
TEMP=C:\Users\DSK-PR~1\AppData\Local\Temp



---------------  S Y S T E M  ---------------

OS:
 Windows 10 , 64 bit Build 19041 (10.0.19041.2913)
OS uptime: 4 days 6:52 hours
Hyper-V role detected

CPU: total 12 (initial active 12) (12 cores per cpu, 2 threads per core) family 25 model 33 stepping 0 microcode 0x0, cx8, cmov, fxsr, ht, mmx, 3dnowpref, sse, sse2, sse3, ssse3, sse4a, sse4.1, sse4.2, popcnt, lzcnt, tsc, tscinvbit, avx, avx2, aes, erms, clmul, bmi1, bmi2, adx, sha, fma, vzeroupper, clflush, clflushopt, hv

Memory: 4k page, system-wide physical 16291M (5872M free)
TotalPageFile size 36791M (AvailPageFile size 312M)
current process WorkingSet (physical memory assigned to process): 141M, peak: 1090M
current process commit charge ("private bytes"): 327M, peak: 1114M

vm_info: OpenJDK 64-Bit Server VM (17.0.6+10) for windows-amd64 JRE (17.0.6+10), built on Jan 18 2023 10:08:59 by "temurin" with MS VC++ 16.7 (VS2019)

END.
